<?xml version="1.0" encoding="UTF-8"?>
<!-- Generated by org.testng.reporters.JUnitReportReporter -->
<testsuite skipped="0" hostname="Lenovo-PC" name="test_TestNG.RestassuredAPI_Post_DataDriven" tests="3" failures="0" timestamp="01 Jul 2020 00:49:09 GMT" time="2.599" errors="0">
  <testcase name="Post_AddNewEmployees" time="0.502" classname="test_TestNG.RestassuredAPI_Post_DataDriven"/>
  <testcase name="Post_AddNewEmployees" time="0.470" classname="test_TestNG.RestassuredAPI_Post_DataDriven"/>
  <testcase name="Post_AddNewEmployees" time="1.627" classname="test_TestNG.RestassuredAPI_Post_DataDriven"/>
</testsuite> <!-- test_TestNG.RestassuredAPI_Post_DataDriven -->
