<?xml version="1.0" encoding="UTF-8"?>
<!-- Generated by org.testng.reporters.JUnitReportReporter -->
<testsuite skipped="0" hostname="Lenovo-PC" name="test_new.APIGetTest" tests="1" failures="0" timestamp="01 Jul 2020 06:34:41 GMT" time="1.291" errors="0">
  <testcase name="getAPI" time="1.291" classname="test_new.APIGetTest"/>
</testsuite> <!-- test_new.APIGetTest -->
