<?xml version="1.0" encoding="UTF-8"?>
<!-- Generated by org.testng.reporters.JUnitReportReporter -->
<testsuite skipped="0" hostname="Lenovo-PC" name="test_TestNG.RestassuredAPI_Post_DataDriven_Excel" tests="5" failures="0" timestamp="30 Jun 2020 22:56:00 GMT" time="9.415" errors="0">
  <testcase name="Post_AddNewEmployees" time="7.401" classname="test_TestNG.RestassuredAPI_Post_DataDriven_Excel"/>
  <testcase name="Post_AddNewEmployees" time="0.481" classname="test_TestNG.RestassuredAPI_Post_DataDriven_Excel"/>
  <testcase name="Post_AddNewEmployees" time="0.509" classname="test_TestNG.RestassuredAPI_Post_DataDriven_Excel"/>
  <testcase name="Post_AddNewEmployees" time="0.525" classname="test_TestNG.RestassuredAPI_Post_DataDriven_Excel"/>
  <testcase name="Post_AddNewEmployees" time="0.499" classname="test_TestNG.RestassuredAPI_Post_DataDriven_Excel"/>
</testsuite> <!-- test_TestNG.RestassuredAPI_Post_DataDriven_Excel -->
