<?xml version="1.0" encoding="UTF-8"?>
<!-- Generated by org.testng.reporters.JUnitReportReporter -->
<testsuite skipped="0" hostname="Lenovo-PC" name="test_new.APIPostTest" tests="1" failures="0" timestamp="01 Jul 2020 03:33:03 GMT" time="2.028" errors="0">
  <testcase name="postAPI" time="2.028" classname="test_new.APIPostTest"/>
</testsuite> <!-- test_new.APIPostTest -->
