<?xml version="1.0" encoding="UTF-8"?>
<!-- Generated by org.testng.reporters.JUnitReportReporter -->
<testsuite skipped="0" hostname="Lenovo-PC" name="test_new.APIPostTest" tests="1" failures="0" timestamp="02 Jul 2020 18:23:37 GMT" time="0.901" errors="0">
  <testcase name="postAPI" time="0.901" classname="test_new.APIPostTest"/>
</testsuite> <!-- test_new.APIPostTest -->
