<?xml version="1.0" encoding="UTF-8"?>
<!-- Generated by org.testng.reporters.JUnitReportReporter -->
<testsuite skipped="0" hostname="Lenovo-PC" name="test_TestNG.loginToHRM" tests="1" failures="0" timestamp="26 Jun 2020 05:34:05 GMT" time="4.212" errors="0">
  <testcase name="loginHRM" time="4.212" classname="test_TestNG.loginToHRM"/>
</testsuite> <!-- test_TestNG.loginToHRM -->
