<?xml version="1.0" encoding="UTF-8"?>
<!-- Generated by org.testng.reporters.JUnitReportReporter -->
<testsuite skipped="0" hostname="Lenovo-PC" name="test_TestNG.APIGetTest_withHeaders" tests="1" failures="0" timestamp="27 Jun 2020 03:43:51 GMT" time="1.848" errors="0">
  <testcase name="getAPI" time="1.848" classname="test_TestNG.APIGetTest_withHeaders"/>
</testsuite> <!-- test_TestNG.APIGetTest_withHeaders -->
