<?xml version="1.0" encoding="UTF-8"?>
<!-- Generated by org.testng.reporters.JUnitReportReporter -->
<testsuite skipped="0" hostname="Lenovo-PC" name="test_TestNG.LogintoFB" tests="1" failures="0" timestamp="26 Jun 2020 05:54:42 GMT" time="16.796" errors="0">
  <testcase name="LoginFaceBook" time="16.796" classname="test_TestNG.LogintoFB"/>
</testsuite> <!-- test_TestNG.LogintoFB -->
