<?xml version="1.0" encoding="UTF-8"?>
<!-- Generated by org.testng.reporters.JUnitReportReporter -->
<testsuite skipped="0" hostname="Lenovo-PC" name="test_TestNG.APIPostTest" tests="1" failures="0" timestamp="27 Jun 2020 23:15:14 GMT" time="2.569" errors="0">
  <testcase name="postAPI" time="2.569" classname="test_TestNG.APIPostTest"/>
</testsuite> <!-- test_TestNG.APIPostTest -->
