<?xml version="1.0" encoding="UTF-8"?>
<!-- Generated by org.testng.reporters.JUnitReportReporter -->
<testsuite skipped="0" hostname="Lenovo-PC" name="test_new.APIGetTest_withHeaders" tests="1" failures="0" timestamp="01 Jul 2020 03:33:03 GMT" time="0.105" errors="0">
  <testcase name="getAPI" time="0.105" classname="test_new.APIGetTest_withHeaders"/>
</testsuite> <!-- test_new.APIGetTest_withHeaders -->
