<?xml version="1.0" encoding="UTF-8"?>
<!-- Generated by org.testng.reporters.JUnitReportReporter -->
<testsuite skipped="0" hostname="Lenovo-PC" name="test_TestNG.Day_9_JSExecutor2_TestNG" tests="1" failures="0" timestamp="23 Jun 2020 22:40:37 GMT" time="21.991" errors="0">
  <testcase name="javaScriptExecutor" time="21.991" classname="test_TestNG.Day_9_JSExecutor2_TestNG"/>
</testsuite> <!-- test_TestNG.Day_9_JSExecutor2_TestNG -->
