<?xml version="1.0" encoding="UTF-8"?>
<!-- Generated by org.testng.reporters.JUnitReportReporter -->
<testsuite skipped="0" hostname="Lenovo-PC" name="main.NewTest" tests="1" failures="0" timestamp="23 Jun 2020 22:17:33 GMT" time="0.026" errors="0">
  <testcase name="f" time="0.026" classname="main.NewTest"/>
</testsuite> <!-- main.NewTest -->
