<?xml version="1.0" encoding="UTF-8"?>
<!-- Generated by org.testng.reporters.JUnitReportReporter -->
<testsuite skipped="0" hostname="Lenovo-PC" name="test_new.APIGetTest" tests="1" failures="0" timestamp="02 Jul 2020 18:23:37 GMT" time="2.586" errors="0">
  <testcase name="getAPI" time="2.586" classname="test_new.APIGetTest"/>
</testsuite> <!-- test_new.APIGetTest -->
