<?xml version="1.0" encoding="UTF-8"?>
<!-- Generated by org.testng.reporters.JUnitReportReporter -->
<testsuite skipped="0" hostname="Lenovo-PC" name="test_TestNG.APIGetTest" tests="1" failures="0" timestamp="27 Jun 2020 03:23:18 GMT" time="1.637" errors="0">
  <testcase name="getAPI" time="1.637" classname="test_TestNG.APIGetTest"/>
</testsuite> <!-- test_TestNG.APIGetTest -->
