<?xml version="1.0" encoding="UTF-8"?>
<!-- Generated by org.testng.reporters.JUnitReportReporter -->
<testsuite skipped="0" hostname="Lenovo-PC" name="test_TestNG.RestassuredAPI_Get_Autherization" tests="1" failures="0" timestamp="28 Jun 2020 03:02:09 GMT" time="2.662" errors="0">
  <testcase name="AuthenticationTest" time="2.662" classname="test_TestNG.RestassuredAPI_Get_Autherization"/>
</testsuite> <!-- test_TestNG.RestassuredAPI_Get_Autherization -->
