<?xml version="1.0" encoding="UTF-8"?>
<!-- Generated by org.testng.reporters.JUnitReportReporter -->
<testsuite hostname="Jp" failures="0" tests="1" name="test_new.sampleTest" time="3.634" errors="0" timestamp="2022-04-20T17:36:01 PDT" skipped="0">
  <testcase classname="test_new.sampleTest" name="sampleTestToFail" time="3.634"/>
  <system-out/>
</testsuite> <!-- test_new.sampleTest -->
