<?xml version="1.0" encoding="UTF-8"?>
<!-- Generated by org.testng.reporters.JUnitReportReporter -->
<testsuite skipped="0" hostname="Lenovo-PC" name="main.BaseClass" tests="1" failures="0" timestamp="25 Jun 2020 22:16:36 GMT" time="0.011" errors="0">
  <testcase name="reunBeforeEverything" time="0.011" classname="main.BaseClass"/>
</testsuite> <!-- main.BaseClass -->
