<?xml version="1.0" encoding="UTF-8"?>
<!-- Generated by org.testng.reporters.JUnitReportReporter -->
<testsuite hostname="Jp" failures="0" tests="1" name="test_new.loginToHRM" time="7.579" errors="0" timestamp="2023-02-15T20:31:13 PST" skipped="0">
  <testcase classname="test_new.loginToHRM" name="loginHRM" time="7.579"/>
  <system-out/>
</testsuite> <!-- test_new.loginToHRM -->
